Build started 05/05/2016 19:43:48.
     1>Project "D:\OneDrive\UFERSA\@Antigas\Desenvolvimento de Jogos\TP2\Mario\Mario\Mario.vcxproj" on node 2 (Build target(s)).
     1>ClCompile:
         C:\Program Files (x86)\Microsoft Visual Studio 12.0\VC\bin\CL.exe /c /ZI /nologo /W3 /WX- /sdl /Od /Oy- /D WIN32 /D _DEBUG /D _WINDOWS /Gm /EHsc /RTC1 /MDd /GS /fp:precise /Zc:wchar_t /Zc:forScope /Fo"Debug\\" /Fd"Debug\vc120.pdb" /Gd /TP /analyze- /errorReport:prompt Ajuda.cpp Audio.cpp Background.cpp Derrota.cpp Inimigo.cpp Level1.cpp Level2.cpp Mario.cpp Menu.cpp Mouse.cpp Platform.cpp Player.cpp Sound.cpp Vitoria.cpp
         Vitoria.cpp
         Sound.cpp
         Player.cpp
         Platform.cpp
         Mouse.cpp
         Menu.cpp
         Mario.cpp
         Level2.cpp
         Level1.cpp
         Inimigo.cpp
         Derrota.cpp
         Background.cpp
         Audio.cpp
         Ajuda.cpp
         Generating Code...
       Link:
         C:\Program Files (x86)\Microsoft Visual Studio 12.0\VC\bin\link.exe /ERRORREPORT:PROMPT /OUT:"D:\OneDrive\UFERSA\@Antigas\Desenvolvimento de Jogos\TP2\Mario\Debug\Mario.exe" /INCREMENTAL /NOLOGO dxgi.lib d3d11.lib winmm.lib d3dcompiler.lib dxguid.lib kernel32.lib user32.lib gdi32.lib winspool.lib comdlg32.lib advapi32.lib shell32.lib ole32.lib oleaut32.lib uuid.lib odbc32.lib odbccp32.lib /MANIFEST /MANIFESTUAC:"level='asInvoker' uiAccess='false'" /manifest:embed /DEBUG /PDB:"D:\OneDrive\UFERSA\@Antigas\Desenvolvimento de Jogos\TP2\Mario\Debug\Mario.pdb" /SUBSYSTEM:WINDOWS /TLBID:1 /DYNAMICBASE /NXCOMPAT /IMPLIB:"D:\OneDrive\UFERSA\@Antigas\Desenvolvimento de Jogos\TP2\Mario\Debug\Mario.lib" /MACHINE:X86 Debug\Resources.res
         Debug\Ajuda.obj
         Debug\Animation.obj
         Debug\Audio.obj
         Debug\Background.obj
         Debug\Derrota.obj
         Debug\Engine.obj
         Debug\Font.obj
         Debug\Game.obj
         Debug\Geometry.obj
         Debug\Graphics.obj
         Debug\Image.obj
         Debug\Inimigo.obj
         Debug\Item.obj
         Debug\Level1.obj
         Debug\Level2.obj
         Debug\Mario.obj
         Debug\Menu.obj
         Debug\Mouse.obj
         Debug\Object.obj
         Debug\Platform.obj
         Debug\Player.obj
         Debug\Renderer.obj
         Debug\Scene.obj
         Debug\Sound.obj
         Debug\Sprite.obj
         Debug\Texture.obj
         Debug\TileSet.obj
         Debug\Timer.obj
         Debug\Vitoria.obj
         Debug\Window.obj
         LINK : D:\OneDrive\UFERSA\@Antigas\Desenvolvimento de Jogos\TP2\Mario\Debug\Mario.exe not found or not built by the last incremental link; performing full link
         Mario.vcxproj -> D:\OneDrive\UFERSA\@Antigas\Desenvolvimento de Jogos\TP2\Mario\Debug\Mario.exe
     1>Done Building Project "D:\OneDrive\UFERSA\@Antigas\Desenvolvimento de Jogos\TP2\Mario\Mario\Mario.vcxproj" (Build target(s)).

Build succeeded.

Time Elapsed 00:00:40.82
